<?xml version="1.0" encoding="UTF-8" ?>
<testsuite tests="3" failures="1" name="FirstProject.Myngconnect.LoginTest" time="143.169" errors="0" skipped="2">
  <properties>
    <property name="java.runtime.name" value="OpenJDK Runtime Environment"/>
    <property name="sun.boot.library.path" value="/usr/lib/jvm/java-8-openjdk-amd64/jre/lib/amd64"/>
    <property name="java.vm.version" value="25.131-b11"/>
    <property name="java.vm.vendor" value="Oracle Corporation"/>
    <property name="maven.multiModuleProjectDirectory" value="/home/qainfotech/workspace/Myngconnect"/>
    <property name="java.vendor.url" value="http://java.oracle.com/"/>
    <property name="path.separator" value=":"/>
    <property name="guice.disable.misplaced.annotation.check" value="true"/>
    <property name="java.vm.name" value="OpenJDK 64-Bit Server VM"/>
    <property name="file.encoding.pkg" value="sun.io"/>
    <property name="user.country" value="IN"/>
    <property name="sun.java.launcher" value="SUN_STANDARD"/>
    <property name="sun.os.patch.level" value="unknown"/>
    <property name="java.vm.specification.name" value="Java Virtual Machine Specification"/>
    <property name="user.dir" value="/home/qainfotech/workspace/Myngconnect"/>
    <property name="java.runtime.version" value="1.8.0_131-8u131-b11-0ubuntu1.16.04.2-b11"/>
    <property name="java.awt.graphicsenv" value="sun.awt.X11GraphicsEnvironment"/>
    <property name="java.endorsed.dirs" value="/usr/lib/jvm/java-8-openjdk-amd64/jre/lib/endorsed"/>
    <property name="os.arch" value="amd64"/>
    <property name="java.io.tmpdir" value="/tmp"/>
    <property name="line.separator" value="
"/>
    <property name="java.vm.specification.vendor" value="Oracle Corporation"/>
    <property name="os.name" value="Linux"/>
    <property name="classworlds.conf" value="/home/qainfotech/workspace/.metadata/.plugins/org.eclipse.m2e.launching/launches/m2conf8408573111326098625.tmp"/>
    <property name="sun.jnu.encoding" value="UTF-8"/>
    <property name="java.library.path" value="/usr/java/packages/lib/amd64:/usr/lib/x86_64-linux-gnu/jni:/lib/x86_64-linux-gnu:/usr/lib/x86_64-linux-gnu:/usr/lib/jni:/lib:/usr/lib"/>
    <property name="java.specification.name" value="Java Platform API Specification"/>
    <property name="java.class.version" value="52.0"/>
    <property name="sun.management.compiler" value="HotSpot 64-Bit Tiered Compilers"/>
    <property name="os.version" value="4.4.0-83-generic"/>
    <property name="user.home" value="/home/qainfotech"/>
    <property name="user.timezone" value="Asia/Kolkata"/>
    <property name="java.awt.printerjob" value="sun.print.PSPrinterJob"/>
    <property name="file.encoding" value="UTF-8"/>
    <property name="java.specification.version" value="1.8"/>
    <property name="user.name" value="qainfotech"/>
    <property name="java.class.path" value="/home/qainfotech/eclipse/java-neon/eclipse/../../../.p2/pool/plugins/org.eclipse.m2e.maven.runtime_1.7.0.20160603-1931/jars/plexus-classworlds-2.5.2.jar"/>
    <property name="java.vm.specification.version" value="1.8"/>
    <property name="sun.arch.data.model" value="64"/>
    <property name="java.home" value="/usr/lib/jvm/java-8-openjdk-amd64/jre"/>
    <property name="sun.java.command" value="org.codehaus.plexus.classworlds.launcher.Launcher -B test"/>
    <property name="java.specification.vendor" value="Oracle Corporation"/>
    <property name="user.language" value="en"/>
    <property name="awt.toolkit" value="sun.awt.X11.XToolkit"/>
    <property name="java.vm.info" value="mixed mode"/>
    <property name="java.version" value="1.8.0_131"/>
    <property name="java.ext.dirs" value="/usr/lib/jvm/java-8-openjdk-amd64/jre/lib/ext:/usr/java/packages/lib/ext"/>
    <property name="securerandom.source" value="file:/dev/./urandom"/>
    <property name="sun.boot.class.path" value="/usr/lib/jvm/java-8-openjdk-amd64/jre/lib/resources.jar:/usr/lib/jvm/java-8-openjdk-amd64/jre/lib/rt.jar:/usr/lib/jvm/java-8-openjdk-amd64/jre/lib/sunrsasign.jar:/usr/lib/jvm/java-8-openjdk-amd64/jre/lib/jsse.jar:/usr/lib/jvm/java-8-openjdk-amd64/jre/lib/jce.jar:/usr/lib/jvm/java-8-openjdk-amd64/jre/lib/charsets.jar:/usr/lib/jvm/java-8-openjdk-amd64/jre/lib/jfr.jar:/usr/lib/jvm/java-8-openjdk-amd64/jre/classes"/>
    <property name="java.vendor" value="Oracle Corporation"/>
    <property name="maven.home" value="/home/qainfotech/workspace/Myngconnect/EMBEDDED"/>
    <property name="file.separator" value="/"/>
    <property name="java.vendor.url.bug" value="http://bugreport.sun.com/bugreport/"/>
    <property name="sun.cpu.endian" value="little"/>
    <property name="sun.io.unicode.encoding" value="UnicodeLittle"/>
    <property name="sun.desktop" value="gnome"/>
    <property name="sun.cpu.isalist" value=""/>
  </properties>
  <testcase classname="FirstProject.Myngconnect.LoginTest" name="beforetest" time="47.711">
    <failure message="Failed to connect to binary FirefoxBinary(/usr/bin/firefox) on port 7055; process output follows: 
.2&quot;,&quot;st&quot;:1442597402000}}}
1499686795602	addons.xpi	DEBUG	No changes found
1499686795607	addons.xpi	DEBUG	Registering manifest for /opt/firefox47/browser/features/firefox@getpocket.com.xpi
1499686795608	addons.xpi	DEBUG	Loading bootstrap scope from /opt/firefox47/browser/features/firefox@getpocket.com.xpi
1499686795616	addons.xpi	DEBUG	Calling bootstrap method startup on firefox@getpocket.com version 1.0.2
1499686795621	addons.xpi-utils	DEBUG	Starting async load of XPI database /tmp/anonymous3919939016482827539webdriver-profile/extensions.json
1499686795622	addons.xpi	DEBUG	Registering manifest for /opt/firefox47/browser/features/e10srollout@mozilla.org.xpi
1499686795622	addons.xpi	DEBUG	Loading bootstrap scope from /opt/firefox47/browser/features/e10srollout@mozilla.org.xpi
1499686795624	addons.xpi	DEBUG	Calling bootstrap method startup on e10srollout@mozilla.org version 1.0
1499686795625	addons.xpi	DEBUG	Registering manifest for /opt/firefox47/browser/features/loop@mozilla.org.xpi
1499686795625	addons.xpi	DEBUG	Loading bootstrap scope from /opt/firefox47/browser/features/loop@mozilla.org.xpi
1499686795630	addons.xpi	DEBUG	Calling bootstrap method startup on loop@mozilla.org version 1.3.2
1499686795644	addons.manager	DEBUG	Registering shutdown blocker for XPIProvider
1499686795644	addons.manager	DEBUG	Provider finished startup: XPIProvider
1499686795644	addons.manager	DEBUG	Starting provider: LightweightThemeManager
1499686795644	addons.manager	DEBUG	Registering shutdown blocker for LightweightThemeManager
1499686795644	addons.manager	DEBUG	Provider finished startup: LightweightThemeManager
1499686795645	addons.manager	DEBUG	Starting provider: GMPProvider
1499686795648	addons.manager	DEBUG	Registering shutdown blocker for GMPProvider
1499686795648	addons.manager	DEBUG	Provider finished startup: GMPProvider
1499686795648	addons.manager	DEBUG	Starting provider: PluginProvider
1499686795648	addons.manager	DEBUG	Registering shutdown blocker for PluginProvider
1499686795649	addons.manager	DEBUG	Provider finished startup: PluginProvider
1499686795649	addons.manager	DEBUG	Completed startup sequence
1499686795779	addons.xpi-utils	DEBUG	Async JSON file read took 0 MS
1499686795779	addons.xpi-utils	DEBUG	Finished async read of XPI database, parsing...
1499686795781	addons.xpi-utils	DEBUG	Successfully read XPI database
1499686795788	addons.manager	DEBUG	Starting provider: &lt;unnamed-provider&gt;
1499686795788	addons.manager	DEBUG	Registering shutdown blocker for &lt;unnamed-provider&gt;
1499686795788	addons.manager	DEBUG	Provider finished startup: &lt;unnamed-provider&gt;
*** Blocklist::_loadBlocklistFromFile: blocklist is disabled
1499686795855	addons.manager	DEBUG	Starting provider: PreviousExperimentProvider
1499686795855	addons.manager	DEBUG	Registering shutdown blocker for PreviousExperimentProvider
1499686795855	addons.manager	DEBUG	Provider finished startup: PreviousExperimentProvider
1499686799328	addons.xpi	DEBUG	Calling bootstrap method shutdown on firefox@getpocket.com version 1.0.2
1499686799328	addons.xpi	DEBUG	Calling bootstrap method shutdown on e10srollout@mozilla.org version 1.0
1499686799329	addons.xpi	DEBUG	Calling bootstrap method shutdown on loop@mozilla.org version 1.3.2
JavaScript error: https://www.googletagmanager.com/gtm.js?id=GTM-MW3R8V&amp;l=dataLayer, line 52: NS_ERROR_NOT_INITIALIZED: 
1499686799572	addons.manager	DEBUG	shutdown
1499686799572	addons.manager	DEBUG	Calling shutdown blocker for XPIProvider
1499686799572	addons.xpi	DEBUG	shutdown
1499686799572	addons.xpi-utils	DEBUG	shutdown
1499686799573	addons.manager	DEBUG	Calling shutdown blocker for LightweightThemeManager
1499686799573	addons.manager	DEBUG	Calling shutdown blocker for GMPProvider
1499686799574	addons.manager	DEBUG	Calling shutdown blocker for PluginProvider
1499686799575	addons.manager	DEBUG	Calling shutdown blocker for &lt;unnamed-provider&gt;
1499686799576	addons.manager	DEBUG	Calling shutdown blocker for PreviousExperimentProvider
1499686799577	addons.xpi	DEBUG	Notifying XPI shutdown observers
1499686799580	addons.manager	DEBUG	Async provider shutdown done

Build info: version: &apos;2.43.1&apos;, revision: &apos;5163bceef1bc36d43f3dc0b83c88998168a363a0&apos;, time: &apos;2014-09-10 09:43:55&apos;
System info: host: &apos;asda1713po02529&apos;, ip: &apos;127.0.1.1&apos;, os.name: &apos;Linux&apos;, os.arch: &apos;amd64&apos;, os.version: &apos;4.4.0-83-generic&apos;, java.version: &apos;1.8.0_131&apos;
Driver info: driver.version: FirefoxDriver" type="org.openqa.selenium.WebDriverException">org.openqa.selenium.WebDriverException: Failed to connect to binary FirefoxBinary(/usr/bin/firefox) on port 7055; process output follows: 
.2&quot;,&quot;st&quot;:1442597402000}}}
1499686795602	addons.xpi	DEBUG	No changes found
1499686795607	addons.xpi	DEBUG	Registering manifest for /opt/firefox47/browser/features/firefox@getpocket.com.xpi
1499686795608	addons.xpi	DEBUG	Loading bootstrap scope from /opt/firefox47/browser/features/firefox@getpocket.com.xpi
1499686795616	addons.xpi	DEBUG	Calling bootstrap method startup on firefox@getpocket.com version 1.0.2
1499686795621	addons.xpi-utils	DEBUG	Starting async load of XPI database /tmp/anonymous3919939016482827539webdriver-profile/extensions.json
1499686795622	addons.xpi	DEBUG	Registering manifest for /opt/firefox47/browser/features/e10srollout@mozilla.org.xpi
1499686795622	addons.xpi	DEBUG	Loading bootstrap scope from /opt/firefox47/browser/features/e10srollout@mozilla.org.xpi
1499686795624	addons.xpi	DEBUG	Calling bootstrap method startup on e10srollout@mozilla.org version 1.0
1499686795625	addons.xpi	DEBUG	Registering manifest for /opt/firefox47/browser/features/loop@mozilla.org.xpi
1499686795625	addons.xpi	DEBUG	Loading bootstrap scope from /opt/firefox47/browser/features/loop@mozilla.org.xpi
1499686795630	addons.xpi	DEBUG	Calling bootstrap method startup on loop@mozilla.org version 1.3.2
1499686795644	addons.manager	DEBUG	Registering shutdown blocker for XPIProvider
1499686795644	addons.manager	DEBUG	Provider finished startup: XPIProvider
1499686795644	addons.manager	DEBUG	Starting provider: LightweightThemeManager
1499686795644	addons.manager	DEBUG	Registering shutdown blocker for LightweightThemeManager
1499686795644	addons.manager	DEBUG	Provider finished startup: LightweightThemeManager
1499686795645	addons.manager	DEBUG	Starting provider: GMPProvider
1499686795648	addons.manager	DEBUG	Registering shutdown blocker for GMPProvider
1499686795648	addons.manager	DEBUG	Provider finished startup: GMPProvider
1499686795648	addons.manager	DEBUG	Starting provider: PluginProvider
1499686795648	addons.manager	DEBUG	Registering shutdown blocker for PluginProvider
1499686795649	addons.manager	DEBUG	Provider finished startup: PluginProvider
1499686795649	addons.manager	DEBUG	Completed startup sequence
1499686795779	addons.xpi-utils	DEBUG	Async JSON file read took 0 MS
1499686795779	addons.xpi-utils	DEBUG	Finished async read of XPI database, parsing...
1499686795781	addons.xpi-utils	DEBUG	Successfully read XPI database
1499686795788	addons.manager	DEBUG	Starting provider: &lt;unnamed-provider&gt;
1499686795788	addons.manager	DEBUG	Registering shutdown blocker for &lt;unnamed-provider&gt;
1499686795788	addons.manager	DEBUG	Provider finished startup: &lt;unnamed-provider&gt;
*** Blocklist::_loadBlocklistFromFile: blocklist is disabled
1499686795855	addons.manager	DEBUG	Starting provider: PreviousExperimentProvider
1499686795855	addons.manager	DEBUG	Registering shutdown blocker for PreviousExperimentProvider
1499686795855	addons.manager	DEBUG	Provider finished startup: PreviousExperimentProvider
1499686799328	addons.xpi	DEBUG	Calling bootstrap method shutdown on firefox@getpocket.com version 1.0.2
1499686799328	addons.xpi	DEBUG	Calling bootstrap method shutdown on e10srollout@mozilla.org version 1.0
1499686799329	addons.xpi	DEBUG	Calling bootstrap method shutdown on loop@mozilla.org version 1.3.2
JavaScript error: https://www.googletagmanager.com/gtm.js?id=GTM-MW3R8V&amp;l=dataLayer, line 52: NS_ERROR_NOT_INITIALIZED: 
1499686799572	addons.manager	DEBUG	shutdown
1499686799572	addons.manager	DEBUG	Calling shutdown blocker for XPIProvider
1499686799572	addons.xpi	DEBUG	shutdown
1499686799572	addons.xpi-utils	DEBUG	shutdown
1499686799573	addons.manager	DEBUG	Calling shutdown blocker for LightweightThemeManager
1499686799573	addons.manager	DEBUG	Calling shutdown blocker for GMPProvider
1499686799574	addons.manager	DEBUG	Calling shutdown blocker for PluginProvider
1499686799575	addons.manager	DEBUG	Calling shutdown blocker for &lt;unnamed-provider&gt;
1499686799576	addons.manager	DEBUG	Calling shutdown blocker for PreviousExperimentProvider
1499686799577	addons.xpi	DEBUG	Notifying XPI shutdown observers
1499686799580	addons.manager	DEBUG	Async provider shutdown done
Build info: version: &apos;2.43.1&apos;, revision: &apos;5163bceef1bc36d43f3dc0b83c88998168a363a0&apos;, time: &apos;2014-09-10 09:43:55&apos;
System info: host: &apos;asda1713po02529&apos;, ip: &apos;127.0.1.1&apos;, os.name: &apos;Linux&apos;, os.arch: &apos;amd64&apos;, os.version: &apos;4.4.0-83-generic&apos;, java.version: &apos;1.8.0_131&apos;
Driver info: driver.version: FirefoxDriver
	at org.openqa.selenium.firefox.internal.NewProfileExtensionConnection.start(NewProfileExtensionConnection.java:130)
	at org.openqa.selenium.firefox.FirefoxDriver.startClient(FirefoxDriver.java:246)
	at org.openqa.selenium.remote.RemoteWebDriver.&lt;init&gt;(RemoteWebDriver.java:114)
	at org.openqa.selenium.firefox.FirefoxDriver.&lt;init&gt;(FirefoxDriver.java:191)
	at org.openqa.selenium.firefox.FirefoxDriver.&lt;init&gt;(FirefoxDriver.java:186)
	at org.openqa.selenium.firefox.FirefoxDriver.&lt;init&gt;(FirefoxDriver.java:182)
	at org.openqa.selenium.firefox.FirefoxDriver.&lt;init&gt;(FirefoxDriver.java:95)
	at FirstProject.Myngconnect.LoginTest.beforetest(LoginTest.java:49)
Caused by: org.openqa.selenium.firefox.NotConnectedException: Unable to connect to host 127.0.0.1 on port 7055 after 45000 ms. Firefox console output:
.2&quot;,&quot;st&quot;:1442597402000}}}
1499686795602	addons.xpi	DEBUG	No changes found
1499686795607	addons.xpi	DEBUG	Registering manifest for /opt/firefox47/browser/features/firefox@getpocket.com.xpi
1499686795608	addons.xpi	DEBUG	Loading bootstrap scope from /opt/firefox47/browser/features/firefox@getpocket.com.xpi
1499686795616	addons.xpi	DEBUG	Calling bootstrap method startup on firefox@getpocket.com version 1.0.2
1499686795621	addons.xpi-utils	DEBUG	Starting async load of XPI database /tmp/anonymous3919939016482827539webdriver-profile/extensions.json
1499686795622	addons.xpi	DEBUG	Registering manifest for /opt/firefox47/browser/features/e10srollout@mozilla.org.xpi
1499686795622	addons.xpi	DEBUG	Loading bootstrap scope from /opt/firefox47/browser/features/e10srollout@mozilla.org.xpi
1499686795624	addons.xpi	DEBUG	Calling bootstrap method startup on e10srollout@mozilla.org version 1.0
1499686795625	addons.xpi	DEBUG	Registering manifest for /opt/firefox47/browser/features/loop@mozilla.org.xpi
1499686795625	addons.xpi	DEBUG	Loading bootstrap scope from /opt/firefox47/browser/features/loop@mozilla.org.xpi
1499686795630	addons.xpi	DEBUG	Calling bootstrap method startup on loop@mozilla.org version 1.3.2
1499686795644	addons.manager	DEBUG	Registering shutdown blocker for XPIProvider
1499686795644	addons.manager	DEBUG	Provider finished startup: XPIProvider
1499686795644	addons.manager	DEBUG	Starting provider: LightweightThemeManager
1499686795644	addons.manager	DEBUG	Registering shutdown blocker for LightweightThemeManager
1499686795644	addons.manager	DEBUG	Provider finished startup: LightweightThemeManager
1499686795645	addons.manager	DEBUG	Starting provider: GMPProvider
1499686795648	addons.manager	DEBUG	Registering shutdown blocker for GMPProvider
1499686795648	addons.manager	DEBUG	Provider finished startup: GMPProvider
1499686795648	addons.manager	DEBUG	Starting provider: PluginProvider
1499686795648	addons.manager	DEBUG	Registering shutdown blocker for PluginProvider
1499686795649	addons.manager	DEBUG	Provider finished startup: PluginProvider
1499686795649	addons.manager	DEBUG	Completed startup sequence
1499686795779	addons.xpi-utils	DEBUG	Async JSON file read took 0 MS
1499686795779	addons.xpi-utils	DEBUG	Finished async read of XPI database, parsing...
1499686795781	addons.xpi-utils	DEBUG	Successfully read XPI database
1499686795788	addons.manager	DEBUG	Starting provider: &lt;unnamed-provider&gt;
1499686795788	addons.manager	DEBUG	Registering shutdown blocker for &lt;unnamed-provider&gt;
1499686795788	addons.manager	DEBUG	Provider finished startup: &lt;unnamed-provider&gt;
*** Blocklist::_loadBlocklistFromFile: blocklist is disabled
1499686795855	addons.manager	DEBUG	Starting provider: PreviousExperimentProvider
1499686795855	addons.manager	DEBUG	Registering shutdown blocker for PreviousExperimentProvider
1499686795855	addons.manager	DEBUG	Provider finished startup: PreviousExperimentProvider
1499686799328	addons.xpi	DEBUG	Calling bootstrap method shutdown on firefox@getpocket.com version 1.0.2
1499686799328	addons.xpi	DEBUG	Calling bootstrap method shutdown on e10srollout@mozilla.org version 1.0
1499686799329	addons.xpi	DEBUG	Calling bootstrap method shutdown on loop@mozilla.org version 1.3.2
JavaScript error: https://www.googletagmanager.com/gtm.js?id=GTM-MW3R8V&amp;l=dataLayer, line 52: NS_ERROR_NOT_INITIALIZED: 
1499686799572	addons.manager	DEBUG	shutdown
1499686799572	addons.manager	DEBUG	Calling shutdown blocker for XPIProvider
1499686799572	addons.xpi	DEBUG	shutdown
1499686799572	addons.xpi-utils	DEBUG	shutdown
1499686799573	addons.manager	DEBUG	Calling shutdown blocker for LightweightThemeManager
1499686799573	addons.manager	DEBUG	Calling shutdown blocker for GMPProvider
1499686799574	addons.manager	DEBUG	Calling shutdown blocker for PluginProvider
1499686799575	addons.manager	DEBUG	Calling shutdown blocker for &lt;unnamed-provider&gt;
1499686799576	addons.manager	DEBUG	Calling shutdown blocker for PreviousExperimentProvider
1499686799577	addons.xpi	DEBUG	Notifying XPI shutdown observers
1499686799580	addons.manager	DEBUG	Async provider shutdown done
	at org.openqa.selenium.firefox.internal.NewProfileExtensionConnection.start(NewProfileExtensionConnection.java:118)
	... 39 more
</failure>
    <system-out>Configuring TestNG with: org.apache.maven.surefire.testng.conf.TestNG652Configurator@3fb4f649
</system-out>
    <system-err>org.openqa.selenium.firefox.NotConnectedException: Unable to connect to host 127.0.0.1 on port 7055 after 45000 ms. Firefox console output:
.2&quot;,&quot;st&quot;:1442597402000}}}
1499686795602	addons.xpi	DEBUG	No changes found
1499686795607	addons.xpi	DEBUG	Registering manifest for /opt/firefox47/browser/features/firefox@getpocket.com.xpi
1499686795608	addons.xpi	DEBUG	Loading bootstrap scope from /opt/firefox47/browser/features/firefox@getpocket.com.xpi
1499686795616	addons.xpi	DEBUG	Calling bootstrap method startup on firefox@getpocket.com version 1.0.2
1499686795621	addons.xpi-utils	DEBUG	Starting async load of XPI database /tmp/anonymous3919939016482827539webdriver-profile/extensions.json
1499686795622	addons.xpi	DEBUG	Registering manifest for /opt/firefox47/browser/features/e10srollout@mozilla.org.xpi
1499686795622	addons.xpi	DEBUG	Loading bootstrap scope from /opt/firefox47/browser/features/e10srollout@mozilla.org.xpi
1499686795624	addons.xpi	DEBUG	Calling bootstrap method startup on e10srollout@mozilla.org version 1.0
1499686795625	addons.xpi	DEBUG	Registering manifest for /opt/firefox47/browser/features/loop@mozilla.org.xpi
1499686795625	addons.xpi	DEBUG	Loading bootstrap scope from /opt/firefox47/browser/features/loop@mozilla.org.xpi
1499686795630	addons.xpi	DEBUG	Calling bootstrap method startup on loop@mozilla.org version 1.3.2
1499686795644	addons.manager	DEBUG	Registering shutdown blocker for XPIProvider
1499686795644	addons.manager	DEBUG	Provider finished startup: XPIProvider
1499686795644	addons.manager	DEBUG	Starting provider: LightweightThemeManager
1499686795644	addons.manager	DEBUG	Registering shutdown blocker for LightweightThemeManager
1499686795644	addons.manager	DEBUG	Provider finished startup: LightweightThemeManager
1499686795645	addons.manager	DEBUG	Starting provider: GMPProvider
1499686795648	addons.manager	DEBUG	Registering shutdown blocker for GMPProvider
1499686795648	addons.manager	DEBUG	Provider finished startup: GMPProvider
1499686795648	addons.manager	DEBUG	Starting provider: PluginProvider
1499686795648	addons.manager	DEBUG	Registering shutdown blocker for PluginProvider
1499686795649	addons.manager	DEBUG	Provider finished startup: PluginProvider
1499686795649	addons.manager	DEBUG	Completed startup sequence
1499686795779	addons.xpi-utils	DEBUG	Async JSON file read took 0 MS
1499686795779	addons.xpi-utils	DEBUG	Finished async read of XPI database, parsing...
1499686795781	addons.xpi-utils	DEBUG	Successfully read XPI database
1499686795788	addons.manager	DEBUG	Starting provider: &lt;unnamed-provider&gt;
1499686795788	addons.manager	DEBUG	Registering shutdown blocker for &lt;unnamed-provider&gt;
1499686795788	addons.manager	DEBUG	Provider finished startup: &lt;unnamed-provider&gt;
*** Blocklist::_loadBlocklistFromFile: blocklist is disabled
1499686795855	addons.manager	DEBUG	Starting provider: PreviousExperimentProvider
1499686795855	addons.manager	DEBUG	Registering shutdown blocker for PreviousExperimentProvider
1499686795855	addons.manager	DEBUG	Provider finished startup: PreviousExperimentProvider
1499686799328	addons.xpi	DEBUG	Calling bootstrap method shutdown on firefox@getpocket.com version 1.0.2
1499686799328	addons.xpi	DEBUG	Calling bootstrap method shutdown on e10srollout@mozilla.org version 1.0
1499686799329	addons.xpi	DEBUG	Calling bootstrap method shutdown on loop@mozilla.org version 1.3.2
JavaScript error: https://www.googletagmanager.com/gtm.js?id=GTM-MW3R8V&amp;l=dataLayer, line 52: NS_ERROR_NOT_INITIALIZED: 
1499686799572	addons.manager	DEBUG	shutdown
1499686799572	addons.manager	DEBUG	Calling shutdown blocker for XPIProvider
1499686799572	addons.xpi	DEBUG	shutdown
1499686799572	addons.xpi-utils	DEBUG	shutdown
1499686799573	addons.manager	DEBUG	Calling shutdown blocker for LightweightThemeManager
1499686799573	addons.manager	DEBUG	Calling shutdown blocker for GMPProvider
1499686799574	addons.manager	DEBUG	Calling shutdown blocker for PluginProvider
1499686799575	addons.manager	DEBUG	Calling shutdown blocker for &lt;unnamed-provider&gt;
1499686799576	addons.manager	DEBUG	Calling shutdown blocker for PreviousExperimentProvider
1499686799577	addons.xpi	DEBUG	Notifying XPI shutdown observers
1499686799580	addons.manager	DEBUG	Async provider shutdown done

	at org.openqa.selenium.firefox.internal.NewProfileExtensionConnection.start(NewProfileExtensionConnection.java:118)
	at org.openqa.selenium.firefox.FirefoxDriver.startClient(FirefoxDriver.java:246)
	at org.openqa.selenium.remote.RemoteWebDriver.&lt;init&gt;(RemoteWebDriver.java:114)
	at org.openqa.selenium.firefox.FirefoxDriver.&lt;init&gt;(FirefoxDriver.java:191)
	at org.openqa.selenium.firefox.FirefoxDriver.&lt;init&gt;(FirefoxDriver.java:186)
	at org.openqa.selenium.firefox.FirefoxDriver.&lt;init&gt;(FirefoxDriver.java:182)
	at org.openqa.selenium.firefox.FirefoxDriver.&lt;init&gt;(FirefoxDriver.java:95)
	at FirstProject.Myngconnect.LoginTest.beforetest(LoginTest.java:49)
	at sun.reflect.NativeMethodAccessorImpl.invoke0(Native Method)
	at sun.reflect.NativeMethodAccessorImpl.invoke(NativeMethodAccessorImpl.java:62)
	at sun.reflect.DelegatingMethodAccessorImpl.invoke(DelegatingMethodAccessorImpl.java:43)
	at java.lang.reflect.Method.invoke(Method.java:498)
	at org.testng.internal.MethodInvocationHelper.invokeMethod(MethodInvocationHelper.java:108)
	at org.testng.internal.Invoker.invokeConfigurationMethod(Invoker.java:523)
	at org.testng.internal.Invoker.invokeConfigurations(Invoker.java:224)
	at org.testng.internal.Invoker.invokeConfigurations(Invoker.java:146)
	at org.testng.TestRunner.beforeRun(TestRunner.java:626)
	at org.testng.TestRunner.run(TestRunner.java:594)
	at org.testng.SuiteRunner.runTest(SuiteRunner.java:380)
	at org.testng.SuiteRunner.runSequentially(SuiteRunner.java:375)
	at org.testng.SuiteRunner.privateRun(SuiteRunner.java:340)
	at org.testng.SuiteRunner.run(SuiteRunner.java:289)
	at org.testng.SuiteRunnerWorker.runSuite(SuiteRunnerWorker.java:52)
	at org.testng.SuiteRunnerWorker.run(SuiteRunnerWorker.java:86)
	at org.testng.TestNG.runSuitesSequentially(TestNG.java:1301)
	at org.testng.TestNG.runSuitesLocally(TestNG.java:1226)
	at org.testng.TestNG.runSuites(TestNG.java:1144)
	at org.testng.TestNG.run(TestNG.java:1115)
	at org.apache.maven.surefire.testng.TestNGExecutor.run(TestNGExecutor.java:77)
	at org.apache.maven.surefire.testng.TestNGDirectoryTestSuite.execute(TestNGDirectoryTestSuite.java:110)
	at org.apache.maven.surefire.testng.TestNGProvider.invoke(TestNGProvider.java:106)
	at sun.reflect.NativeMethodAccessorImpl.invoke0(Native Method)
	at sun.reflect.NativeMethodAccessorImpl.invoke(NativeMethodAccessorImpl.java:62)
	at sun.reflect.DelegatingMethodAccessorImpl.invoke(DelegatingMethodAccessorImpl.java:43)
	at java.lang.reflect.Method.invoke(Method.java:498)
	at org.apache.maven.surefire.util.ReflectionUtils.invokeMethodWithArray(ReflectionUtils.java:189)
	at org.apache.maven.surefire.booter.ProviderFactory$ProviderProxy.invoke(ProviderFactory.java:165)
	at org.apache.maven.surefire.booter.ProviderFactory.invokeProvider(ProviderFactory.java:85)
	at org.apache.maven.surefire.booter.ForkedBooter.runSuitesInProcess(ForkedBooter.java:115)
	at org.apache.maven.surefire.booter.ForkedBooter.main(ForkedBooter.java:75)
</system-err>
  </testcase>
  <testcase classname="FirstProject.Myngconnect.LoginTest" name="loginTest" time="47.728">
    <skipped/>
  </testcase>
  <testcase classname="FirstProject.Myngconnect.LoginTest" name="logoutTest" time="47.73">
    <skipped/>
  </testcase>
</testsuite>